#
# A fatal error has been detected by the Java Runtime Environment:
#
#  SIGSEGV (0xb) at pc=0x000000070592e0d0, pid=17657, tid=140699607365376
#
# JRE version: Java(TM) SE Runtime Environment (7.0_51-b13) (build 1.7.0_51-b13)
# Java VM: Java HotSpot(TM) 64-Bit Server VM (24.51-b03 mixed mode linux-amd64 compressed oops)
# Problematic frame:
# C  0x000000070592e0d0
#
# Failed to write core dump. Core dumps have been disabled. To enable core dumping, try "ulimit -c unlimited" before starting Java again
#
# If you would like to submit a bug report, please visit:
#   http://bugreport.sun.com/bugreport/crash.jsp
#

---------------  T H R E A D  ---------------

Current thread (0x00007ff6c0013800):  JavaThread "Job_Executor8" daemon [_thread_in_Java, id=17703, stack(0x00007ff72e0df000,0x00007ff72e1e0000)]

siginfo:si_signo=SIGSEGV: si_errno=0, si_code=2 (SEGV_ACCERR), si_addr=0x000000070592e0d0

Registers:
RAX=0x00000007add74738, RBX=0x0000000700f15840, RCX=0x0000000705923b78, RDX=0x000000070592e0d0
RSP=0x00007ff72e1dd6b0, RBP=0x000000070585bf18, RSI=0x00000007add74738, RDI=0x0000000705915d00
R8 =0x00000000f5bae8ca, R9 =0x00000007058d5110, R10=0x0000000003d6eba3, R11=0x00007ff7345a8000
R12=0x0000000000000000, R13=0x00007ff72e1dd6a0, R14=0x00000007add746d8, R15=0x00007ff6c0013800
RIP=0x000000070592e0d0, EFLAGS=0x0000000000010246, CSGSFS=0x0000000000000033, ERR=0x0000000000000015
  TRAPNO=0x000000000000000e

Top of Stack: (sp=0x00007ff72e1dd6b0)
0x00007ff72e1dd6b0:   0000000705923b78 00000007add74650
0x00007ff72e1dd6c0:   00000007058d5110 00007ff73867f10c
0x00007ff72e1dd6d0:   000000000000004c 00007ff73868a058
0x00007ff72e1dd6e0:   00007ff72e1dd720 00007ff7387d5070
0x00007ff72e1dd6f0:   00007ff7387d5070 00000007058d5110
0x00007ff72e1dd700:   00000007add74650 0000000705923b78
0x00007ff72e1dd710:   000000070592e0d0 000000070585bf18
0x00007ff72e1dd720:   00007ff72e1dd788 00007ff7385af233
0x00007ff72e1dd730:   000000070596db38 000000070585beb0
0x00007ff72e1dd740:   00000007058d5110 0000000705847cd8
0x00007ff72e1dd750:   000000070592e0d0 00007ff7e0b2db67
0x00007ff72e1dd760:   0000000705923a98 0000000705975610
0x00007ff72e1dd770:   00000007add74650 0000000000000000
0x00007ff72e1dd780:   00007ff72e1dd7a8 00007ff72e1dd7f8
0x00007ff72e1dd790:   00007ff72e1dd7f8 00007ff7385af175
0x00007ff72e1dd7a0:   00007ff7385af233 00007ff7385af175
0x00007ff72e1dd7b0:   00007ff72e1dd860 00007ff7388374d0
0x00007ff72e1dd7c0:   0000000700be99dd 00007ff72e1dd818
0x00007ff72e1dd7d0:   0000000700beb288 0000000700ff0998
0x00007ff72e1dd7e0:   00007ff72e1dd860 00007ff7385af233
0x00007ff72e1dd7f0:   00007ff72e1dd860 00007ff7385af233
0x00007ff72e1dd800:   a07839a91c6eabb3 00007ff7385af233
0x00007ff72e1dd810:   00000007058d5110 0000000705975610
0x00007ff72e1dd820:   00007ff72e1dd820 0000000700be9882
0x00007ff72e1dd830:   00007ff72e1dd898 0000000700beb288
0x00007ff72e1dd840:   0000000700ff0720 0000000700be9908
0x00007ff72e1dd850:   00007ff72e1dd810 00007ff72e1dd888
0x00007ff72e1dd860:   00007ff72e1dd8e0 00007ff7385af233
0x00007ff72e1dd870:   0000000000000000 a07839a91c6eabb3
0x00007ff72e1dd880:   0000000000000000 00000007add8bc88
0x00007ff72e1dd890:   00000007add8b6d8 0000000705967d50
0x00007ff72e1dd8a0:   00007ff72e1dd8a0 0000000700bd5606 

Instructions: (pc=0x000000070592e0d0)
0x000000070592e0b0:   b7 8e b0 e0 00 00 00 00 31 00 00 00 00 00 00 00
0x000000070592e0c0:   08 46 0d e0 01 00 00 00 82 20 b0 e0 00 00 00 00
0x000000070592e0d0:   31 00 00 00 00 00 00 00 18 e5 0c e0 99 18 b0 e0
0x000000070592e0e0:   ee 8d b0 e0 f0 8d b0 e0 00 00 00 00 1e 5c b2 e0 

Register to memory mapping:

RAX=0x00000007add74738 is an oop
java.lang.invoke.BoundMethodHandle$Species_LL 
 - klass: 'java/lang/invoke/BoundMethodHandle$Species_LL'
RBX=0x0000000700f15840 is an oop
{method} 
 - klass: {other class}
RCX=0x0000000705923b78 is an oop
java.lang.invoke.LambdaForm 
 - klass: 'java/lang/invoke/LambdaForm'
RDX=0x000000070592e0d0 is an oop
java.lang.invoke.MethodType 
 - klass: 'java/lang/invoke/MethodType'
RSP=0x00007ff72e1dd6b0 is pointing into the stack for thread: 0x00007ff6c0013800
RBP=0x000000070585bf18 is an oop
java.lang.invoke.DirectMethodHandle$Constructor 
 - klass: 'java/lang/invoke/DirectMethodHandle$Constructor'
RSI=0x00000007add74738 is an oop
java.lang.invoke.BoundMethodHandle$Species_LL 
 - klass: 'java/lang/invoke/BoundMethodHandle$Species_LL'
RDI=0x0000000705915d00 is an oop
java.lang.invoke.MemberName 
 - klass: 'java/lang/invoke/MemberName'
R8 =0x00000000f5bae8ca is an unknown value
R9 =0x00000007058d5110 is an oop
test.org.helios.jmx.comp.TesAnnotatedMBean$TestBean 
 - klass: 'test/org/helios/jmx/comp/TesAnnotatedMBean$TestBean'
R10=0x0000000003d6eba3 is an unknown value
R11=0x00007ff7345a8000 is pointing into the stack for thread: 0x00007ff73c09a800
R12=0x0000000000000000 is an unknown value
R13=0x00007ff72e1dd6a0 is pointing into the stack for thread: 0x00007ff6c0013800
R14=0x00000007add746d8 is an oop
java.lang.invoke.LambdaForm$Name 
 - klass: 'java/lang/invoke/LambdaForm$Name'
R15=0x00007ff6c0013800 is a thread


Stack: [0x00007ff72e0df000,0x00007ff72e1e0000],  sp=0x00007ff72e1dd6b0,  free space=1017k
Native frames: (J=compiled Java code, j=interpreted, Vv=VM code, C=native code)
C  0x000000070592e0d0


---------------  P R O C E S S  ---------------

Java Threads: ( => current thread )
  0x00007ff684004800 JavaThread "RMI TCP Connection(10)-127.0.0.1" daemon [_thread_in_native, id=18550, stack(0x00007ff72d15e000,0x00007ff72d25f000)]
  0x00007ff680048800 JavaThread "Thread-15" daemon [_thread_in_native, id=18549, stack(0x00007ff72cc7a000,0x00007ff72cd7b000)]
  0x00007ff680047000 JavaThread "Timer-2" daemon [_thread_blocked, id=18548, stack(0x00007ff72cd7b000,0x00007ff72ce7c000)]
  0x00007ff680045000 JavaThread "Thread-13" daemon [_thread_blocked, id=18547, stack(0x00007ff72ce7c000,0x00007ff72cf7d000)]
  0x00007ff680057000 JavaThread "pool-1-thread-1" daemon [_thread_blocked, id=18545, stack(0x00007ff72d25f000,0x00007ff72d360000)]
  0x00007ff68004f000 JavaThread "Thread-11" daemon [_thread_in_native, id=18543, stack(0x00007ff72d360000,0x00007ff72d461000)]
  0x00007ff680034000 JavaThread "Timer-1" daemon [_thread_blocked, id=18542, stack(0x00007ff72d461000,0x00007ff72d562000)]
  0x00007ff680032800 JavaThread "Thread-9" daemon [_thread_blocked, id=18540, stack(0x00007ff72d6cd000,0x00007ff72d7ce000)]
  0x00007ff690029800 JavaThread "Thread-8" daemon [_thread_in_native, id=18539, stack(0x00007ff72d9d0000,0x00007ff72dad1000)]
  0x00007ff684007000 JavaThread "RMI TCP Connection(9)-127.0.0.1" daemon [_thread_in_native, id=18519, stack(0x00007ff72d5cc000,0x00007ff72d6cd000)]
  0x00007ff674003800 JavaThread "JMX server connection timeout 31" daemon [_thread_blocked, id=18350, stack(0x00007ff72d7ce000,0x00007ff72d8cf000)]
  0x00007ff684003000 JavaThread "RMI TCP Connection(11)-127.0.0.1" daemon [_thread_in_native, id=18079, stack(0x00007ff72d8cf000,0x00007ff72d9d0000)]
  0x00007ff688004000 JavaThread "RMI Scheduler(0)" daemon [_thread_blocked, id=18072, stack(0x00007ff72dad1000,0x00007ff72dbd2000)]
  0x00007ff684001800 JavaThread "RMI TCP Connection(4)-127.0.0.1" daemon [_thread_blocked, id=18071, stack(0x00007ff72dbd2000,0x00007ff72dcd3000)]
  0x00007ff690010800 JavaThread "RMI TCP Accept-0" daemon [_thread_in_native, id=18069, stack(0x00007ff72dcd3000,0x00007ff72ddd4000)]
  0x00007ff6dc001000 JavaThread "Attach Listener" daemon [_thread_blocked, id=18067, stack(0x00007ff72dfde000,0x00007ff72e0df000)]
=>0x00007ff6c0013800 JavaThread "Job_Executor8" daemon [_thread_in_Java, id=17703, stack(0x00007ff72e0df000,0x00007ff72e1e0000)]
  0x00007ff6c0011800 JavaThread "Job_Executor7" daemon [_thread_blocked, id=17701, stack(0x00007ff72e1e0000,0x00007ff72e2e1000)]
  0x00007ff6b0004000 JavaThread "Job_Executor6" daemon [_thread_blocked, id=17698, stack(0x00007ff72e2e1000,0x00007ff72e3e2000)]
  0x00007ff6b0002800 JavaThread "JMX server connection timeout Thread-5" daemon [_thread_blocked, id=17697, stack(0x00007ff72e3e2000,0x00007ff72e4e3000)]
  0x00007ff6a8002000 JavaThread "Job_Executor5" daemon [_thread_blocked, id=17693, stack(0x00007ff72e4e3000,0x00007ff72e5e4000)]
  0x00007ff6c000e000 JavaThread "Job_Executor4" daemon [_thread_in_native, id=17692, stack(0x00007ff72e5e4000,0x00007ff72e6e5000)]
  0x00007ff6c0004800 JavaThread "JMX server connection timeout Thread-4" daemon [_thread_blocked, id=17691, stack(0x00007ff72e6e5000,0x00007ff72e7e6000)]
  0x00007ff73c23f800 JavaThread "Job_Executor3" daemon [_thread_blocked, id=17690, stack(0x00007ff72e7e6000,0x00007ff72e8e7000)]
  0x00007ff73c23b000 JavaThread "Thread-3" daemon [_thread_blocked, id=17689, stack(0x00007ff72e8e7000,0x00007ff72e9e8000)]
  0x00007ff73c239800 JavaThread "Job_Executor2" daemon [_thread_blocked, id=17688, stack(0x00007ff72e9e8000,0x00007ff72eae9000)]
  0x00007ff73c22b000 JavaThread "Job_Executor1" daemon [_thread_in_native, id=17687, stack(0x00007ff72eae9000,0x00007ff72ebea000)]
  0x00007ff6c8005800 JavaThread "Job_Executor0" daemon [_thread_in_native, id=17686, stack(0x00007ff72ebea000,0x00007ff72eceb000)]
  0x00007ff73c1ff800 JavaThread "UnsafeAdapterDeallocatorThread" daemon [_thread_blocked, id=17685, stack(0x00007ff72eceb000,0x00007ff72edec000)]
  0x00007ff73c1a0000 JavaThread "Thread-2" [_thread_in_native, id=17684, stack(0x00007ff72edec000,0x00007ff72eeed000)]
  0x00007ff73c192800 JavaThread "Timer-0" daemon [_thread_blocked, id=17683, stack(0x00007ff72eeed000,0x00007ff72efee000)]
  0x00007ff73c118000 JavaThread "ReaderThread" [_thread_in_native, id=17682, stack(0x00007ff7340cb000,0x00007ff7341cc000)]
  0x00007ff73c09f800 JavaThread "Service Thread" daemon [_thread_blocked, id=17679, stack(0x00007ff7342d3000,0x00007ff7343d4000)]
  0x00007ff73c09d800 JavaThread "C2 CompilerThread1" daemon [_thread_blocked, id=17678, stack(0x00007ff7343d4000,0x00007ff7344d5000)]
  0x00007ff73c09a800 JavaThread "C2 CompilerThread0" daemon [_thread_blocked, id=17677, stack(0x00007ff7344d5000,0x00007ff7345d6000)]
  0x00007ff73c090000 JavaThread "Signal Dispatcher" daemon [_thread_blocked, id=17676, stack(0x00007ff7345d6000,0x00007ff7346d7000)]
  0x00007ff73c079000 JavaThread "Finalizer" daemon [_thread_blocked, id=17675, stack(0x00007ff7346d7000,0x00007ff7347d8000)]
  0x00007ff73c075000 JavaThread "Reference Handler" daemon [_thread_blocked, id=17674, stack(0x00007ff7347d8000,0x00007ff7348d9000)]
  0x00007ff73c00a800 JavaThread "main" [_thread_blocked, id=17663, stack(0x00007ff7423dc000,0x00007ff7424dd000)]

Other Threads:
  0x00007ff73c072800 VMThread [stack: 0x00007ff7348d9000,0x00007ff7349da000] [id=17673]
  0x00007ff73c0aa800 WatcherThread [stack: 0x00007ff7341d2000,0x00007ff7342d3000] [id=17680]

VM state:not at safepoint (normal execution)

VM Mutex/Monitor currently owned by a thread: None

Heap
 PSYoungGen      total 31744K, used 22526K [0x00000007ac800000, 0x00000007aeb00000, 0x0000000800000000)
  eden space 31232K, 71% used [0x00000007ac800000,0x00000007addcfa70,0x00000007ae680000)
  from space 512K, 37% used [0x00000007aea80000,0x00000007aeab0000,0x00000007aeb00000)
  to   space 512K, 0% used [0x00000007aea00000,0x00000007aea00000,0x00000007aea80000)
 ParOldGen       total 171008K, used 6973K [0x0000000705800000, 0x000000070ff00000, 0x00000007ac800000)
  object space 171008K, 4% used [0x0000000705800000,0x0000000705ecf468,0x000000070ff00000)
 PSPermGen       total 21504K, used 13984K [0x0000000700600000, 0x0000000701b00000, 0x0000000705800000)
  object space 21504K, 65% used [0x0000000700600000,0x00000007013a82c0,0x0000000701b00000)

Card table byte_map: [0x00007ff737dab000,0x00007ff7385a9000] byte_map_base: 0x00007ff7345a8000

Polling page: 0x00007ff742502000

Code Cache  [0x00007ff7385a9000, 0x00007ff7388b9000, 0x00007ff73b5a9000)
 total_blobs=859 nmethods=543 adapters=268 free_code_cache=46090Kb largest_free_block=47158272

Compilation events (10 events):
Event: 602.727 Thread 0x00007ff73c09a800 1371             javax.management.ObjectName::writeObject (114 bytes)
Event: 602.727 Thread 0x00007ff73c09d800 1372             javax.management.ObjectName::getSerializedNameString (93 bytes)
Event: 602.764 Thread 0x00007ff73c09d800 nmethod 1372 0x00007ff73882cdd0 code [0x00007ff73882cf60, 0x00007ff73882d6f8]
Event: 602.773 Thread 0x00007ff73c09a800 nmethod 1371 0x00007ff73882dfd0 code [0x00007ff73882e240, 0x00007ff73882ee48]
Event: 603.242 Thread 0x00007ff73c09d800 1373             sun.rmi.runtime.Log$LoggerLog::isLoggable (9 bytes)
Event: 603.245 Thread 0x00007ff73c09d800 nmethod 1373 0x00007ff73882dc10 code [0x00007ff73882dd60, 0x00007ff73882de18]
Event: 607.753 Thread 0x00007ff73c09a800 1374             sun.security.provider.NativePRNG$RandomIO::access$200 (6 bytes)
Event: 607.754 Thread 0x00007ff73c09a800 nmethod 1374 0x00007ff7387d0ad0 code [0x00007ff7387d0c20, 0x00007ff7387d0ca8]
Event: 607.788 Thread 0x00007ff73c09d800 1375             java.lang.invoke.BoundMethodHandle$Species_LL::<init> (18 bytes)
Event: 607.790 Thread 0x00007ff73c09d800 nmethod 1375 0x00007ff73868b790 code [0x00007ff73868b8e0, 0x00007ff73868ba58]

GC Heap History (10 events):
Event: 581.482 GC heap before
{Heap before GC invocations=74 (full 0):
 PSYoungGen      total 32256K, used 31360K [0x00000007ac800000, 0x00000007aec80000, 0x0000000800000000)
  eden space 31232K, 100% used [0x00000007ac800000,0x00000007ae680000,0x00000007ae680000)
  from space 1024K, 12% used [0x00000007aea80000,0x00000007aeaa0000,0x00000007aeb80000)
  to   space 1024K, 0% used [0x00000007aeb80000,0x00000007aeb80000,0x00000007aec80000)
 ParOldGen       total 171008K, used 6781K [0x0000000705800000, 0x000000070ff00000, 0x00000007ac800000)
  object space 171008K, 3% used [0x0000000705800000,0x0000000705e9f448,0x000000070ff00000)
 PSPermGen       total 21504K, used 13980K [0x0000000700600000, 0x0000000701b00000, 0x0000000705800000)
  object space 21504K, 65% used [0x0000000700600000,0x00000007013a7300,0x0000000701b00000)
Event: 581.484 GC heap after
Heap after GC invocations=74 (full 0):
 PSYoungGen      total 31744K, used 160K [0x00000007ac800000, 0x00000007aec00000, 0x0000000800000000)
  eden space 31232K, 0% used [0x00000007ac800000,0x00000007ac800000,0x00000007ae680000)
  from space 512K, 31% used [0x00000007aeb80000,0x00000007aeba8000,0x00000007aec00000)
  to   space 1024K, 0% used [0x00000007aea00000,0x00000007aea00000,0x00000007aeb00000)
 ParOldGen       total 171008K, used 6813K [0x0000000705800000, 0x000000070ff00000, 0x00000007ac800000)
  object space 171008K, 3% used [0x0000000705800000,0x0000000705ea7448,0x000000070ff00000)
 PSPermGen       total 21504K, used 13980K [0x0000000700600000, 0x0000000701b00000, 0x0000000705800000)
  object space 21504K, 65% used [0x0000000700600000,0x00000007013a7300,0x0000000701b00000)
}
Event: 586.738 GC heap before
{Heap before GC invocations=75 (full 0):
 PSYoungGen      total 31744K, used 31392K [0x00000007ac800000, 0x00000007aec00000, 0x0000000800000000)
  eden space 31232K, 100% used [0x00000007ac800000,0x00000007ae680000,0x00000007ae680000)
  from space 512K, 31% used [0x00000007aeb80000,0x00000007aeba8000,0x00000007aec00000)
  to   space 1024K, 0% used [0x00000007aea00000,0x00000007aea00000,0x00000007aeb00000)
 ParOldGen       total 171008K, used 6813K [0x0000000705800000, 0x000000070ff00000, 0x00000007ac800000)
  object space 171008K, 3% used [0x0000000705800000,0x0000000705ea7448,0x000000070ff00000)
 PSPermGen       total 21504K, used 13980K [0x0000000700600000, 0x0000000701b00000, 0x0000000705800000)
  object space 21504K, 65% used [0x0000000700600000,0x00000007013a7320,0x0000000701b00000)
Event: 586.740 GC heap after
Heap after GC invocations=75 (full 0):
 PSYoungGen      total 32256K, used 160K [0x00000007ac800000, 0x00000007aec00000, 0x0000000800000000)
  eden space 31232K, 0% used [0x00000007ac800000,0x00000007ac800000,0x00000007ae680000)
  from space 1024K, 15% used [0x00000007aea00000,0x00000007aea28000,0x00000007aeb00000)
  to   space 1024K, 0% used [0x00000007aeb00000,0x00000007aeb00000,0x00000007aec00000)
 ParOldGen       total 171008K, used 6845K [0x0000000705800000, 0x000000070ff00000, 0x00000007ac800000)
  object space 171008K, 4% used [0x0000000705800000,0x0000000705eaf448,0x000000070ff00000)
 PSPermGen       total 21504K, used 13980K [0x0000000700600000, 0x0000000701b00000, 0x0000000705800000)
  object space 21504K, 65% used [0x0000000700600000,0x00000007013a7320,0x0000000701b00000)
}
Event: 592.050 GC heap before
{Heap before GC invocations=76 (full 0):
 PSYoungGen      total 32256K, used 31392K [0x00000007ac800000, 0x00000007aec00000, 0x0000000800000000)
  eden space 31232K, 100% used [0x00000007ac800000,0x00000007ae680000,0x00000007ae680000)
  from space 1024K, 15% used [0x00000007aea00000,0x00000007aea28000,0x00000007aeb00000)
  to   space 1024K, 0% used [0x00000007aeb00000,0x00000007aeb00000,0x00000007aec00000)
 ParOldGen       total 171008K, used 6845K [0x0000000705800000, 0x000000070ff00000, 0x00000007ac800000)
  object space 171008K, 4% used [0x0000000705800000,0x0000000705eaf448,0x000000070ff00000)
 PSPermGen       total 21504K, used 13981K [0x0000000700600000, 0x0000000701b00000, 0x0000000705800000)
  object space 21504K, 65% used [0x0000000700600000,0x00000007013a7790,0x0000000701b00000)
Event: 592.053 GC heap after
Heap after GC invocations=76 (full 0):
 PSYoungGen      total 31744K, used 128K [0x00000007ac800000, 0x00000007aeb80000, 0x0000000800000000)
  eden space 31232K, 0% used [0x00000007ac800000,0x00000007ac800000,0x00000007ae680000)
  from space 512K, 25% used [0x00000007aeb00000,0x00000007aeb20000,0x00000007aeb80000)
  to   space 1024K, 0% used [0x00000007ae980000,0x00000007ae980000,0x00000007aea80000)
 ParOldGen       total 171008K, used 6901K [0x0000000705800000, 0x000000070ff00000, 0x00000007ac800000)
  object space 171008K, 4% used [0x0000000705800000,0x0000000705ebd468,0x000000070ff00000)
 PSPermGen       total 21504K, used 13981K [0x0000000700600000, 0x0000000701b00000, 0x0000000705800000)
  object space 21504K, 65% used [0x0000000700600000,0x00000007013a7790,0x0000000701b00000)
}
Event: 597.359 GC heap before
{Heap before GC invocations=77 (full 0):
 PSYoungGen      total 31744K, used 31360K [0x00000007ac800000, 0x00000007aeb80000, 0x0000000800000000)
  eden space 31232K, 100% used [0x00000007ac800000,0x00000007ae680000,0x00000007ae680000)
  from space 512K, 25% used [0x00000007aeb00000,0x00000007aeb20000,0x00000007aeb80000)
  to   space 1024K, 0% used [0x00000007ae980000,0x00000007ae980000,0x00000007aea80000)
 ParOldGen       total 171008K, used 6901K [0x0000000705800000, 0x000000070ff00000, 0x00000007ac800000)
  object space 171008K, 4% used [0x0000000705800000,0x0000000705ebd468,0x000000070ff00000)
 PSPermGen       total 21504K, used 13983K [0x0000000700600000, 0x0000000701b00000, 0x0000000705800000)
  object space 21504K, 65% used [0x0000000700600000,0x00000007013a7e38,0x0000000701b00000)
Event: 597.360 GC heap after
Heap after GC invocations=77 (full 0):
 PSYoungGen      total 32256K, used 128K [0x00000007ac800000, 0x00000007aeb80000, 0x0000000800000000)
  eden space 31232K, 0% used [0x00000007ac800000,0x00000007ac800000,0x00000007ae680000)
  from space 1024K, 12% used [0x00000007ae980000,0x00000007ae9a0000,0x00000007aea80000)
  to   space 1024K, 0% used [0x00000007aea80000,0x00000007aea80000,0x00000007aeb80000)
 ParOldGen       total 171008K, used 6933K [0x0000000705800000, 0x000000070ff00000, 0x00000007ac800000)
  object space 171008K, 4% used [0x0000000705800000,0x0000000705ec5468,0x000000070ff00000)
 PSPermGen       total 21504K, used 13983K [0x0000000700600000, 0x0000000701b00000, 0x0000000705800000)
  object space 21504K, 65% used [0x0000000700600000,0x00000007013a7e38,0x0000000701b00000)
}
Event: 602.615 GC heap before
{Heap before GC invocations=78 (full 0):
 PSYoungGen      total 32256K, used 31360K [0x00000007ac800000, 0x00000007aeb80000, 0x0000000800000000)
  eden space 31232K, 100% used [0x00000007ac800000,0x00000007ae680000,0x00000007ae680000)
  from space 1024K, 12% used [0x00000007ae980000,0x00000007ae9a0000,0x00000007aea80000)
  to   space 1024K, 0% used [0x00000007aea80000,0x00000007aea80000,0x00000007aeb80000)
 ParOldGen       total 171008K, used 6933K [0x0000000705800000, 0x000000070ff00000, 0x00000007ac800000)
  object space 171008K, 4% used [0x0000000705800000,0x0000000705ec5468,0x000000070ff00000)
 PSPermGen       total 21504K, used 13984K [0x0000000700600000, 0x0000000701b00000, 0x0000000705800000)
  object space 21504K, 65% used [0x0000000700600000,0x00000007013a82c0,0x0000000701b00000)
Event: 602.617 GC heap after
Heap after GC invocations=78 (full 0):
 PSYoungGen      total 31744K, used 192K [0x00000007ac800000, 0x00000007aeb00000, 0x0000000800000000)
  eden space 31232K, 0% used [0x00000007ac800000,0x00000007ac800000,0x00000007ae680000)
  from space 512K, 37% used [0x00000007aea80000,0x00000007aeab0000,0x00000007aeb00000)
  to   space 512K, 0% used [0x00000007aea00000,0x00000007aea00000,0x00000007aea80000)
 ParOldGen       total 171008K, used 6973K [0x0000000705800000, 0x000000070ff00000, 0x00000007ac800000)
  object space 171008K, 4% used [0x0000000705800000,0x0000000705ecf468,0x000000070ff00000)
 PSPermGen       total 21504K, used 13984K [0x0000000700600000, 0x0000000701b00000, 0x0000000705800000)
  object space 21504K, 65% used [0x0000000700600000,0x00000007013a82c0,0x0000000701b00000)
}

Deoptimization events (10 events):
Event: 552.018 Thread 0x00007ff680057000 Uncommon trap: reason=class_check action=maybe_recompile pc=0x00007ff7386e8210 method=java.util.regex.Pattern$Slice.match(Ljava/util/regex/Matcher;ILjava/lang/CharSequence;)Z @ 75
Event: 552.018 Thread 0x00007ff680057000 Uncommon trap: reason=class_check action=maybe_recompile pc=0x00007ff7386e8210 method=java.util.regex.Pattern$Slice.match(Ljava/util/regex/Matcher;ILjava/lang/CharSequence;)Z @ 75
Event: 552.020 Thread 0x00007ff680057000 Uncommon trap: reason=class_check action=maybe_recompile pc=0x00007ff7386e8210 method=java.util.regex.Pattern$Slice.match(Ljava/util/regex/Matcher;ILjava/lang/CharSequence;)Z @ 75
Event: 552.020 Thread 0x00007ff680057000 Uncommon trap: reason=class_check action=maybe_recompile pc=0x00007ff7386e8210 method=java.util.regex.Pattern$Slice.match(Ljava/util/regex/Matcher;ILjava/lang/CharSequence;)Z @ 75
Event: 554.454 Thread 0x00007ff6c000e000 Uncommon trap: reason=predicate action=maybe_recompile pc=0x00007ff738622074 method=java.util.Arrays.fill([Ljava/lang/Object;IILjava/lang/Object;)V @ 16
Event: 556.243 Thread 0x00007ff684004800 Uncommon trap: reason=array_check action=maybe_recompile pc=0x00007ff7386a8264 method=java.util.Arrays.fill([Ljava/lang/Object;IILjava/lang/Object;)V @ 20
Event: 557.168 Thread 0x00007ff6c8005800 Uncommon trap: reason=array_check action=maybe_recompile pc=0x00007ff7386a8264 method=java.util.Arrays.fill([Ljava/lang/Object;IILjava/lang/Object;)V @ 20
Event: 557.212 Thread 0x00007ff6c8005800 Uncommon trap: reason=array_check action=maybe_recompile pc=0x00007ff7386a8264 method=java.util.Arrays.fill([Ljava/lang/Object;IILjava/lang/Object;)V @ 20
Event: 557.212 Thread 0x00007ff6c8005800 Uncommon trap: reason=array_check action=maybe_recompile pc=0x00007ff7386a8264 method=java.util.Arrays.fill([Ljava/lang/Object;IILjava/lang/Object;)V @ 20
Event: 565.119 Thread 0x00007ff684007000 Uncommon trap: reason=null_check action=make_not_entrant pc=0x00007ff738689280 method=com.sun.btrace.BTraceMBean$OpenTypeUtils.typeToOpenType(Ljava/lang/reflect/Type;)Ljavax/management/openmbean/OpenType; @ 16

Internal exceptions (10 events):
Event: 550.992 Thread 0x00007ff680057000 Threw 0x00000007ad4d82a0 at /HUDSON/workspace/7u-2-build-linux-amd64@2/jdk7u51/527/hotspot/src/share/vm/prims/jvm.cpp:1244
Event: 550.993 Thread 0x00007ff680057000 Threw 0x00000007ad4e0d98 at /HUDSON/workspace/7u-2-build-linux-amd64@2/jdk7u51/527/hotspot/src/share/vm/prims/jvm.cpp:1244
Event: 550.993 Thread 0x00007ff680057000 Threw 0x00000007ad4e8320 at /HUDSON/workspace/7u-2-build-linux-amd64@2/jdk7u51/527/hotspot/src/share/vm/prims/jvm.cpp:1244
Event: 551.005 Thread 0x00007ff680057000 Threw 0x00000007ad535128 at /HUDSON/workspace/7u-2-build-linux-amd64@2/jdk7u51/527/hotspot/src/share/vm/prims/jvm.cpp:1244
Event: 551.006 Thread 0x00007ff680057000 Threw 0x00000007ad53f5e0 at /HUDSON/workspace/7u-2-build-linux-amd64@2/jdk7u51/527/hotspot/src/share/vm/prims/jvm.cpp:1244
Event: 551.007 Thread 0x00007ff680057000 Threw 0x00000007ad547e48 at /HUDSON/workspace/7u-2-build-linux-amd64@2/jdk7u51/527/hotspot/src/share/vm/prims/jvm.cpp:1244
Event: 551.943 Thread 0x00007ff690029800 Threw 0x00000007adcf3aa8 at /HUDSON/workspace/7u-2-build-linux-amd64@2/jdk7u51/527/hotspot/src/share/vm/classfile/systemDictionary.cpp:185
Event: 551.943 Thread 0x00007ff690029800 Threw 0x00000007adcf3e10 at /HUDSON/workspace/7u-2-build-linux-amd64@2/jdk7u51/527/hotspot/src/share/vm/classfile/systemDictionary.cpp:185
Event: 552.018 Thread 0x00007ff680057000 Threw 0x00000007adf58800 at /HUDSON/workspace/7u-2-build-linux-amd64@2/jdk7u51/527/hotspot/src/share/vm/prims/jvm.cpp:1244
Event: 565.119 Thread 0x00007ff684007000 Implicit null exception at 0x00007ff738687b47 to 0x00007ff738689271

Events (10 events):
Event: 603.254 Executing VM operation: ThreadDump
Event: 603.255 Executing VM operation: ThreadDump done
Event: 604.423 Executing VM operation: ThreadDump
Event: 604.424 Executing VM operation: ThreadDump done
Event: 605.417 Executing VM operation: ThreadDump
Event: 605.418 Executing VM operation: ThreadDump done
Event: 606.419 Executing VM operation: ThreadDump
Event: 606.419 Executing VM operation: ThreadDump done
Event: 607.419 Executing VM operation: ThreadDump
Event: 607.419 Executing VM operation: ThreadDump done


Dynamic libraries:
00400000-00401000 r-xp 00000000 fc:00 18090731                           /usr/lib/jvm/java-7-oracle/bin/java
00600000-00601000 rw-p 00000000 fc:00 18090731                           /usr/lib/jvm/java-7-oracle/bin/java
006ab000-006cc000 rw-p 00000000 00:00 0                                  [heap]
700600000-701b00000 rw-p 00000000 00:00 0 
701b00000-705800000 rw-p 00000000 00:00 0 
705800000-70ff00000 rw-p 00000000 00:00 0 
70ff00000-7ac800000 rw-p 00000000 00:00 0 
7ac800000-7aeb00000 rw-p 00000000 00:00 0 
7aeb00000-7b1b80000 ---p 00000000 00:00 0 
7b1b80000-800000000 rw-p 00000000 00:00 0 
7ff64c000000-7ff64c021000 rw-p 00000000 00:00 0 
7ff64c021000-7ff650000000 ---p 00000000 00:00 0 
7ff650000000-7ff650021000 rw-p 00000000 00:00 0 
7ff650021000-7ff654000000 ---p 00000000 00:00 0 
7ff654000000-7ff654021000 rw-p 00000000 00:00 0 
7ff654021000-7ff658000000 ---p 00000000 00:00 0 
7ff658000000-7ff658021000 rw-p 00000000 00:00 0 
7ff658021000-7ff65c000000 ---p 00000000 00:00 0 
7ff65c000000-7ff65c0d9000 rw-p 00000000 00:00 0 
7ff65c0d9000-7ff660000000 ---p 00000000 00:00 0 
7ff660000000-7ff661ec1000 rw-p 00000000 00:00 0 
7ff661ec1000-7ff664000000 ---p 00000000 00:00 0 
7ff664000000-7ff664021000 rw-p 00000000 00:00 0 
7ff664021000-7ff668000000 ---p 00000000 00:00 0 
7ff668000000-7ff668021000 rw-p 00000000 00:00 0 
7ff668021000-7ff66c000000 ---p 00000000 00:00 0 
7ff66c000000-7ff66c021000 rw-p 00000000 00:00 0 
7ff66c021000-7ff670000000 ---p 00000000 00:00 0 
7ff670000000-7ff670021000 rw-p 00000000 00:00 0 
7ff670021000-7ff674000000 ---p 00000000 00:00 0 
7ff674000000-7ff674021000 rw-p 00000000 00:00 0 
7ff674021000-7ff678000000 ---p 00000000 00:00 0 
7ff678000000-7ff678021000 rw-p 00000000 00:00 0 
7ff678021000-7ff67c000000 ---p 00000000 00:00 0 
7ff67c000000-7ff67c021000 rw-p 00000000 00:00 0 
7ff67c021000-7ff680000000 ---p 00000000 00:00 0 
7ff680000000-7ff680189000 rw-p 00000000 00:00 0 
7ff680189000-7ff684000000 ---p 00000000 00:00 0 
7ff684000000-7ff684021000 rw-p 00000000 00:00 0 
7ff684021000-7ff688000000 ---p 00000000 00:00 0 
7ff688000000-7ff688040000 rw-p 00000000 00:00 0 
7ff688040000-7ff68c000000 ---p 00000000 00:00 0 
7ff68c000000-7ff68c026000 rw-p 00000000 00:00 0 
7ff68c026000-7ff690000000 ---p 00000000 00:00 0 
7ff690000000-7ff690099000 rw-p 00000000 00:00 0 
7ff690099000-7ff694000000 ---p 00000000 00:00 0 
7ff694000000-7ff69409e000 rw-p 00000000 00:00 0 
7ff69409e000-7ff698000000 ---p 00000000 00:00 0 
7ff698000000-7ff69802d000 rw-p 00000000 00:00 0 
7ff69802d000-7ff69c000000 ---p 00000000 00:00 0 
7ff69c000000-7ff69c252000 rw-p 00000000 00:00 0 
7ff69c252000-7ff6a0000000 ---p 00000000 00:00 0 
7ff6a0000000-7ff6a0021000 rw-p 00000000 00:00 0 
7ff6a0021000-7ff6a4000000 ---p 00000000 00:00 0 
7ff6a4000000-7ff6a4021000 rw-p 00000000 00:00 0 
7ff6a4021000-7ff6a8000000 ---p 00000000 00:00 0 
7ff6a8000000-7ff6a8021000 rw-p 00000000 00:00 0 
7ff6a8021000-7ff6ac000000 ---p 00000000 00:00 0 
7ff6ac000000-7ff6ac021000 rw-p 00000000 00:00 0 
7ff6ac021000-7ff6b0000000 ---p 00000000 00:00 0 
7ff6b0000000-7ff6b0021000 rw-p 00000000 00:00 0 
7ff6b0021000-7ff6b4000000 ---p 00000000 00:00 0 
7ff6b4000000-7ff6b4250000 rw-p 00000000 00:00 0 
7ff6b4250000-7ff6b8000000 ---p 00000000 00:00 0 
7ff6b8000000-7ff6b8021000 rw-p 00000000 00:00 0 
7ff6b8021000-7ff6bc000000 ---p 00000000 00:00 0 
7ff6bc000000-7ff6bc021000 rw-p 00000000 00:00 0 
7ff6bc021000-7ff6c0000000 ---p 00000000 00:00 0 
7ff6c0000000-7ff6c0021000 rw-p 00000000 00:00 0 
7ff6c0021000-7ff6c4000000 ---p 00000000 00:00 0 
7ff6c4000000-7ff6c4021000 rw-p 00000000 00:00 0 
7ff6c4021000-7ff6c8000000 ---p 00000000 00:00 0 
7ff6c8000000-7ff6c8021000 rw-p 00000000 00:00 0 
7ff6c8021000-7ff6cc000000 ---p 00000000 00:00 0 
7ff6cc000000-7ff6cc021000 rw-p 00000000 00:00 0 
7ff6cc021000-7ff6d0000000 ---p 00000000 00:00 0 
7ff6d0000000-7ff6d0021000 rw-p 00000000 00:00 0 
7ff6d0021000-7ff6d4000000 ---p 00000000 00:00 0 
7ff6d4000000-7ff6d5e3f000 rw-p 00000000 00:00 0 
7ff6d5e3f000-7ff6d8000000 ---p 00000000 00:00 0 
7ff6d8000000-7ff6d8021000 rw-p 00000000 00:00 0 
7ff6d8021000-7ff6dc000000 ---p 00000000 00:00 0 
7ff6dc000000-7ff6dc021000 rw-p 00000000 00:00 0 
7ff6dc021000-7ff6e0000000 ---p 00000000 00:00 0 
7ff6e0000000-7ff6e3ffc000 rw-p 00000000 00:00 0 
7ff6e3ffc000-7ff6e4000000 ---p 00000000 00:00 0 
7ff6e4000000-7ff6e4021000 rw-p 00000000 00:00 0 
7ff6e4021000-7ff6e8000000 ---p 00000000 00:00 0 
7ff6e8000000-7ff6e8021000 rw-p 00000000 00:00 0 
7ff6e8021000-7ff6ec000000 ---p 00000000 00:00 0 
7ff6ec000000-7ff6ec03d000 rw-p 00000000 00:00 0 
7ff6ec03d000-7ff6f0000000 ---p 00000000 00:00 0 
7ff6f0030000-7ff6f8000000 rw-p 00000000 00:00 0 
7ff6f8000000-7ff6f8021000 rw-p 00000000 00:00 0 
7ff6f8021000-7ff6fc000000 ---p 00000000 00:00 0 
7ff700000000-7ff700021000 rw-p 00000000 00:00 0 
7ff700021000-7ff704000000 ---p 00000000 00:00 0 
7ff708000000-7ff708021000 rw-p 00000000 00:00 0 
7ff708021000-7ff70c000000 ---p 00000000 00:00 0 
7ff710000000-7ff710021000 rw-p 00000000 00:00 0 
7ff710021000-7ff714000000 ---p 00000000 00:00 0 
7ff718000000-7ff718021000 rw-p 00000000 00:00 0 
7ff718021000-7ff71c000000 ---p 00000000 00:00 0 
7ff720000000-7ff720021000 rw-p 00000000 00:00 0 
7ff720021000-7ff724000000 ---p 00000000 00:00 0 
7ff728000000-7ff728021000 rw-p 00000000 00:00 0 
7ff728021000-7ff72c000000 ---p 00000000 00:00 0 
7ff72cc7a000-7ff72cc7d000 ---p 00000000 00:00 0 
7ff72cc7d000-7ff72cd7b000 rw-p 00000000 00:00 0                          [stack:18549]
7ff72cd7b000-7ff72cd7e000 ---p 00000000 00:00 0 
7ff72cd7e000-7ff72ce7c000 rw-p 00000000 00:00 0                          [stack:18548]
7ff72ce7c000-7ff72ce7f000 ---p 00000000 00:00 0 
7ff72ce7f000-7ff72cf7d000 rw-p 00000000 00:00 0                          [stack:18547]
7ff72d15e000-7ff72d161000 ---p 00000000 00:00 0 
7ff72d161000-7ff72d25f000 rw-p 00000000 00:00 0                          [stack:18550]
7ff72d25f000-7ff72d262000 ---p 00000000 00:00 0 
7ff72d262000-7ff72d360000 rw-p 00000000 00:00 0                          [stack:18545]
7ff72d360000-7ff72d363000 ---p 00000000 00:00 0 
7ff72d363000-7ff72d461000 rw-p 00000000 00:00 0                          [stack:18543]
7ff72d461000-7ff72d464000 ---p 00000000 00:00 0 
7ff72d464000-7ff72d562000 rw-p 00000000 00:00 0                          [stack:18542]
7ff72d562000-7ff72d5cc000 r--s 00e1b000 fc:00 18090799                   /usr/lib/jvm/java-7-oracle/lib/tools.jar
7ff72d5cc000-7ff72d5cf000 ---p 00000000 00:00 0 
7ff72d5cf000-7ff72d6cd000 rw-p 00000000 00:00 0                          [stack:18519]
7ff72d6cd000-7ff72d6d0000 ---p 00000000 00:00 0 
7ff72d6d0000-7ff72d7ce000 rw-p 00000000 00:00 0                          [stack:18540]
7ff72d7ce000-7ff72d7d1000 ---p 00000000 00:00 0 
7ff72d7d1000-7ff72d8cf000 rw-p 00000000 00:00 0                          [stack:18350]
7ff72d8cf000-7ff72d8d2000 ---p 00000000 00:00 0 
7ff72d8d2000-7ff72d9d0000 rw-p 00000000 00:00 0                          [stack:18079]
7ff72d9d0000-7ff72d9d3000 ---p 00000000 00:00 0 
7ff72d9d3000-7ff72dad1000 rw-p 00000000 00:00 0                          [stack:18539]
7ff72dad1000-7ff72dad4000 ---p 00000000 00:00 0 
7ff72dad4000-7ff72dbd2000 rw-p 00000000 00:00 0                          [stack:18072]
7ff72dbd2000-7ff72dbd5000 ---p 00000000 00:00 0 
7ff72dbd5000-7ff72dcd3000 rw-p 00000000 00:00 0                          [stack:18071]
7ff72dcd3000-7ff72dcd6000 ---p 00000000 00:00 0 
7ff72dcd6000-7ff72ddd4000 rw-p 00000000 00:00 0                          [stack:18069]
7ff72ddd4000-7ff72ddde000 r-xp 00000000 fc:00 17832262                   /usr/lib/jvm/java-7-oracle/jre/lib/amd64/libinstrument.so
7ff72ddde000-7ff72dfdd000 ---p 0000a000 fc:00 17832262                   /usr/lib/jvm/java-7-oracle/jre/lib/amd64/libinstrument.so
7ff72dfdd000-7ff72dfde000 rw-p 00009000 fc:00 17832262                   /usr/lib/jvm/java-7-oracle/jre/lib/amd64/libinstrument.so
7ff72dfde000-7ff72dfe1000 ---p 00000000 00:00 0 
7ff72dfe1000-7ff72e0df000 rw-p 00000000 00:00 0                          [stack:18067]
7ff72e0df000-7ff72e0e2000 ---p 00000000 00:00 0 
7ff72e0e2000-7ff72e1e0000 rw-p 00000000 00:00 0                          [stack:17703]
7ff72e1e0000-7ff72e1e3000 ---p 00000000 00:00 0 
7ff72e1e3000-7ff72e2e1000 rw-p 00000000 00:00 0                          [stack:17701]
7ff72e2e1000-7ff72e2e4000 ---p 00000000 00:00 0 
7ff72e2e4000-7ff72e3e2000 rw-p 00000000 00:00 0                          [stack:17698]
7ff72e3e2000-7ff72e3e5000 ---p 00000000 00:00 0 
7ff72e3e5000-7ff72e4e3000 rw-p 00000000 00:00 0                          [stack:17697]
7ff72e4e3000-7ff72e4e6000 ---p 00000000 00:00 0 
7ff72e4e6000-7ff72e5e4000 rw-p 00000000 00:00 0                          [stack:17693]
7ff72e5e4000-7ff72e5e7000 ---p 00000000 00:00 0 
7ff72e5e7000-7ff72e6e5000 rw-p 00000000 00:00 0                          [stack:17692]
7ff72e6e5000-7ff72e6e8000 ---p 00000000 00:00 0 
7ff72e6e8000-7ff72e7e6000 rw-p 00000000 00:00 0                          [stack:17691]
7ff72e7e6000-7ff72e7e9000 ---p 00000000 00:00 0 
7ff72e7e9000-7ff72e8e7000 rw-p 00000000 00:00 0                          [stack:17690]
7ff72e8e7000-7ff72e8ea000 ---p 00000000 00:00 0 
7ff72e8ea000-7ff72e9e8000 rw-p 00000000 00:00 0                          [stack:17689]
7ff72e9e8000-7ff72e9eb000 ---p 00000000 00:00 0 
7ff72e9eb000-7ff72eae9000 rw-p 00000000 00:00 0                          [stack:17688]
7ff72eae9000-7ff72eaec000 ---p 00000000 00:00 0 
7ff72eaec000-7ff72ebea000 rw-p 00000000 00:00 0                          [stack:17687]
7ff72ebea000-7ff72ebed000 ---p 00000000 00:00 0 
7ff72ebed000-7ff72eceb000 rw-p 00000000 00:00 0                          [stack:17686]
7ff72eceb000-7ff72ecee000 ---p 00000000 00:00 0 
7ff72ecee000-7ff72edec000 rw-p 00000000 00:00 0                          [stack:17685]
7ff72edec000-7ff72edef000 ---p 00000000 00:00 0 
7ff72edef000-7ff72eeed000 rw-p 00000000 00:00 0                          [stack:17684]
7ff72eeed000-7ff72eef0000 ---p 00000000 00:00 0 
7ff72eef0000-7ff72efee000 rw-p 00000000 00:00 0                          [stack:17683]
7ff72efee000-7ff72effe000 r-xp 00000000 fc:00 17832263                   /usr/lib/jvm/java-7-oracle/jre/lib/amd64/libnio.so
7ff72effe000-7ff72f1fe000 ---p 00010000 fc:00 17832263                   /usr/lib/jvm/java-7-oracle/jre/lib/amd64/libnio.so
7ff72f1fe000-7ff72f1ff000 rw-p 00010000 fc:00 17832263                   /usr/lib/jvm/java-7-oracle/jre/lib/amd64/libnio.so
7ff72f1ff000-7ff72f207000 r-xp 00000000 fc:00 17832246                   /usr/lib/jvm/java-7-oracle/jre/lib/amd64/libmanagement.so
7ff72f207000-7ff72f406000 ---p 00008000 fc:00 17832246                   /usr/lib/jvm/java-7-oracle/jre/lib/amd64/libmanagement.so
7ff72f406000-7ff72f407000 rw-p 00007000 fc:00 17832246                   /usr/lib/jvm/java-7-oracle/jre/lib/amd64/libmanagement.so
7ff72f407000-7ff72f708000 rw-p 00000000 00:00 0 
7ff72f708000-7ff72f71e000 r-xp 00000000 fc:00 17832242                   /usr/lib/jvm/java-7-oracle/jre/lib/amd64/libnet.so
7ff72f71e000-7ff72f91e000 ---p 00016000 fc:00 17832242                   /usr/lib/jvm/java-7-oracle/jre/lib/amd64/libnet.so
7ff72f91e000-7ff72f91f000 rw-p 00016000 fc:00 17832242                   /usr/lib/jvm/java-7-oracle/jre/lib/amd64/libnet.so
7ff72f91f000-7ff730000000 r--p 00000000 fc:00 17045083                   /usr/lib/locale/locale-archive
7ff730000000-7ff730021000 rw-p 00000000 00:00 0 
7ff730021000-7ff734000000 ---p 00000000 00:00 0 
7ff7340bd000-7ff7340c2000 r--s 0003c000 fc:00 20713680                   /home/nwhitehead/.visualvm/7u14/modules/ext/btrace-agent.jar
7ff7340c2000-7ff7340c7000 r--s 00025000 fc:00 20713681                   /home/nwhitehead/.visualvm/7u14/modules/ext/btrace-boot.jar
7ff7340c7000-7ff7340cb000 r--s 0008a000 fc:00 17569481                   /usr/lib/jvm/java-7-oracle/jre/lib/jsse.jar
7ff7340cb000-7ff7340ce000 ---p 00000000 00:00 0 
7ff7340ce000-7ff7341cc000 rw-p 00000000 00:00 0                          [stack:17682]
7ff7341cc000-7ff7341d2000 r--s 0003d000 fc:00 5248039                    /home/nwhitehead/.m2/repository/ch/qos/logback/logback-classic/1.1.2/logback-classic-1.1.2.jar
7ff7341d2000-7ff7341d3000 ---p 00000000 00:00 0 
7ff7341d3000-7ff7342d3000 rw-p 00000000 00:00 0                          [stack:17680]
7ff7342d3000-7ff7342d6000 ---p 00000000 00:00 0 
7ff7342d6000-7ff7343d4000 rw-p 00000000 00:00 0                          [stack:17679]
7ff7343d4000-7ff7343d7000 ---p 00000000 00:00 0 
7ff7343d7000-7ff7344d5000 rw-p 00000000 00:00 0                          [stack:17678]
7ff7344d5000-7ff7344d8000 ---p 00000000 00:00 0 
7ff7344d8000-7ff7345d6000 rw-p 00000000 00:00 0                          [stack:17677]
7ff7345d6000-7ff7345d9000 ---p 00000000 00:00 0 
7ff7345d9000-7ff7346d7000 rw-p 00000000 00:00 0                          [stack:17676]
7ff7346d7000-7ff7346da000 ---p 00000000 00:00 0 
7ff7346da000-7ff7347d8000 rw-p 00000000 00:00 0                          [stack:17675]
7ff7347d8000-7ff7347db000 ---p 00000000 00:00 0 
7ff7347db000-7ff7348d9000 rw-p 00000000 00:00 0                          [stack:17674]
7ff7348d9000-7ff7348da000 ---p 00000000 00:00 0 
7ff7348da000-7ff736669000 rw-p 00000000 00:00 0                          [stack:17673]
7ff736669000-7ff736826000 r--s 039bf000 fc:00 17569461                   /usr/lib/jvm/java-7-oracle/jre/lib/rt.jar
7ff736826000-7ff73716c000 rw-p 00000000 00:00 0 
7ff73716c000-7ff73716d000 ---p 00000000 00:00 0 
7ff73716d000-7ff73726d000 rw-p 00000000 00:00 0                          [stack:17672]
7ff73726d000-7ff73726e000 ---p 00000000 00:00 0 
7ff73726e000-7ff73736e000 rw-p 00000000 00:00 0                          [stack:17671]
7ff73736e000-7ff73736f000 ---p 00000000 00:00 0 
7ff73736f000-7ff73746f000 rw-p 00000000 00:00 0                          [stack:17670]
7ff73746f000-7ff737470000 ---p 00000000 00:00 0 
7ff737470000-7ff737570000 rw-p 00000000 00:00 0                          [stack:17668]
7ff737570000-7ff737571000 ---p 00000000 00:00 0 
7ff737571000-7ff737671000 rw-p 00000000 00:00 0                          [stack:17667]
7ff737671000-7ff737672000 ---p 00000000 00:00 0 
7ff737672000-7ff737772000 rw-p 00000000 00:00 0                          [stack:17666]
7ff737772000-7ff737773000 ---p 00000000 00:00 0 
7ff737773000-7ff7378c7000 rw-p 00000000 00:00 0                          [stack:17665]
7ff7378c7000-7ff737dab000 rw-p 00000000 00:00 0 
7ff737dab000-7ff737db6000 rw-p 00000000 00:00 0 
7ff737db6000-7ff737dd4000 rw-p 00000000 00:00 0 
7ff737dd4000-7ff737e28000 rw-p 00000000 00:00 0 
7ff737e28000-7ff73830c000 rw-p 00000000 00:00 0 
7ff73830c000-7ff73831e000 rw-p 00000000 00:00 0 
7ff73831e000-7ff738336000 ---p 00000000 00:00 0 
7ff738336000-7ff7385a8000 rw-p 00000000 00:00 0 
7ff7385a8000-7ff7385a9000 rw-p 00000000 00:00 0 
7ff7385a9000-7ff7388b9000 rwxp 00000000 00:00 0 
7ff7388b9000-7ff73b5a9000 rw-p 00000000 00:00 0 
7ff73b5a9000-7ff73b5c3000 r-xp 00000000 fc:00 17832243                   /usr/lib/jvm/java-7-oracle/jre/lib/amd64/libzip.so
7ff73b5c3000-7ff73b7c3000 ---p 0001a000 fc:00 17832243                   /usr/lib/jvm/java-7-oracle/jre/lib/amd64/libzip.so
7ff73b7c3000-7ff73b7c4000 rw-p 0001a000 fc:00 17832243                   /usr/lib/jvm/java-7-oracle/jre/lib/amd64/libzip.so
7ff73b7c4000-7ff73b7d0000 r-xp 00000000 fc:00 17305691                   /lib/x86_64-linux-gnu/libnss_files-2.17.so
7ff73b7d0000-7ff73b9cf000 ---p 0000c000 fc:00 17305691                   /lib/x86_64-linux-gnu/libnss_files-2.17.so
7ff73b9cf000-7ff73b9d0000 r--p 0000b000 fc:00 17305691                   /lib/x86_64-linux-gnu/libnss_files-2.17.so
7ff73b9d0000-7ff73b9d1000 rw-p 0000c000 fc:00 17305691                   /lib/x86_64-linux-gnu/libnss_files-2.17.so
7ff73b9d1000-7ff73b9dc000 r-xp 00000000 fc:00 17305698                   /lib/x86_64-linux-gnu/libnss_nis-2.17.so
7ff73b9dc000-7ff73bbdb000 ---p 0000b000 fc:00 17305698                   /lib/x86_64-linux-gnu/libnss_nis-2.17.so
7ff73bbdb000-7ff73bbdc000 r--p 0000a000 fc:00 17305698                   /lib/x86_64-linux-gnu/libnss_nis-2.17.so
7ff73bbdc000-7ff73bbdd000 rw-p 0000b000 fc:00 17305698                   /lib/x86_64-linux-gnu/libnss_nis-2.17.so
7ff73bbdd000-7ff73bbf4000 r-xp 00000000 fc:00 17305687                   /lib/x86_64-linux-gnu/libnsl-2.17.so
7ff73bbf4000-7ff73bdf3000 ---p 00017000 fc:00 17305687                   /lib/x86_64-linux-gnu/libnsl-2.17.so
7ff73bdf3000-7ff73bdf4000 r--p 00016000 fc:00 17305687                   /lib/x86_64-linux-gnu/libnsl-2.17.so
7ff73bdf4000-7ff73bdf5000 rw-p 00017000 fc:00 17305687                   /lib/x86_64-linux-gnu/libnsl-2.17.so
7ff73bdf5000-7ff73bdf7000 rw-p 00000000 00:00 0 
7ff73bdf7000-7ff73bdff000 r-xp 00000000 fc:00 17305700                   /lib/x86_64-linux-gnu/libnss_compat-2.17.so
7ff73bdff000-7ff73bffe000 ---p 00008000 fc:00 17305700                   /lib/x86_64-linux-gnu/libnss_compat-2.17.so
7ff73bffe000-7ff73bfff000 r--p 00007000 fc:00 17305700                   /lib/x86_64-linux-gnu/libnss_compat-2.17.so
7ff73bfff000-7ff73c000000 rw-p 00008000 fc:00 17305700                   /lib/x86_64-linux-gnu/libnss_compat-2.17.so
7ff73c000000-7ff73c4db000 rw-p 00000000 00:00 0 
7ff73c4db000-7ff740000000 ---p 00000000 00:00 0 
7ff740000000-7ff74000a000 r--s 0005f000 fc:00 5508373                    /home/nwhitehead/.m2/repository/ch/qos/logback/logback-core/1.1.2/logback-core-1.1.2.jar
7ff74000a000-7ff74000c000 r--s 00005000 fc:00 10356410                   /home/nwhitehead/.m2/repository/org/slf4j/slf4j-api/1.7.2/slf4j-api-1.7.2.jar
7ff74000c000-7ff74000d000 ---p 00000000 00:00 0 
7ff74000d000-7ff740118000 rw-p 00000000 00:00 0                          [stack:17664]
7ff740118000-7ff740136000 rw-p 00000000 00:00 0 
7ff740136000-7ff74015f000 r-xp 00000000 fc:00 17832286                   /usr/lib/jvm/java-7-oracle/jre/lib/amd64/libjava.so
7ff74015f000-7ff74035f000 ---p 00029000 fc:00 17832286                   /usr/lib/jvm/java-7-oracle/jre/lib/amd64/libjava.so
7ff74035f000-7ff740361000 rw-p 00029000 fc:00 17832286                   /usr/lib/jvm/java-7-oracle/jre/lib/amd64/libjava.so
7ff740361000-7ff74036e000 r-xp 00000000 fc:00 17832241                   /usr/lib/jvm/java-7-oracle/jre/lib/amd64/libverify.so
7ff74036e000-7ff74056d000 ---p 0000d000 fc:00 17832241                   /usr/lib/jvm/java-7-oracle/jre/lib/amd64/libverify.so
7ff74056d000-7ff74056f000 rw-p 0000c000 fc:00 17832241                   /usr/lib/jvm/java-7-oracle/jre/lib/amd64/libverify.so
7ff74056f000-7ff740576000 r-xp 00000000 fc:00 17305694                   /lib/x86_64-linux-gnu/librt-2.17.so
7ff740576000-7ff740775000 ---p 00007000 fc:00 17305694                   /lib/x86_64-linux-gnu/librt-2.17.so
7ff740775000-7ff740776000 r--p 00006000 fc:00 17305694                   /lib/x86_64-linux-gnu/librt-2.17.so
7ff740776000-7ff740777000 rw-p 00007000 fc:00 17305694                   /lib/x86_64-linux-gnu/librt-2.17.so
7ff740777000-7ff74087a000 r-xp 00000000 fc:00 17305699                   /lib/x86_64-linux-gnu/libm-2.17.so
7ff74087a000-7ff740a7a000 ---p 00103000 fc:00 17305699                   /lib/x86_64-linux-gnu/libm-2.17.so
7ff740a7a000-7ff740a7b000 r--p 00103000 fc:00 17305699                   /lib/x86_64-linux-gnu/libm-2.17.so
7ff740a7b000-7ff740a7c000 rw-p 00104000 fc:00 17305699                   /lib/x86_64-linux-gnu/libm-2.17.so
7ff740a7c000-7ff7415de000 r-xp 00000000 fc:00 17832253                   /usr/lib/jvm/java-7-oracle/jre/lib/amd64/server/libjvm.so
7ff7415de000-7ff7417de000 ---p 00b62000 fc:00 17832253                   /usr/lib/jvm/java-7-oracle/jre/lib/amd64/server/libjvm.so
7ff7417de000-7ff7418a1000 rw-p 00b62000 fc:00 17832253                   /usr/lib/jvm/java-7-oracle/jre/lib/amd64/server/libjvm.so
7ff7418a1000-7ff7418e2000 rw-p 00000000 00:00 0 
7ff7418e2000-7ff741aa1000 r-xp 00000000 fc:00 17305702                   /lib/x86_64-linux-gnu/libc-2.17.so
7ff741aa1000-7ff741ca0000 ---p 001bf000 fc:00 17305702                   /lib/x86_64-linux-gnu/libc-2.17.so
7ff741ca0000-7ff741ca4000 r--p 001be000 fc:00 17305702                   /lib/x86_64-linux-gnu/libc-2.17.so
7ff741ca4000-7ff741ca6000 rw-p 001c2000 fc:00 17305702                   /lib/x86_64-linux-gnu/libc-2.17.so
7ff741ca6000-7ff741cab000 rw-p 00000000 00:00 0 
7ff741cab000-7ff741cae000 r-xp 00000000 fc:00 17305690                   /lib/x86_64-linux-gnu/libdl-2.17.so
7ff741cae000-7ff741ead000 ---p 00003000 fc:00 17305690                   /lib/x86_64-linux-gnu/libdl-2.17.so
7ff741ead000-7ff741eae000 r--p 00002000 fc:00 17305690                   /lib/x86_64-linux-gnu/libdl-2.17.so
7ff741eae000-7ff741eaf000 rw-p 00003000 fc:00 17305690                   /lib/x86_64-linux-gnu/libdl-2.17.so
7ff741eaf000-7ff741ec5000 r-xp 00000000 fc:00 18615782                   /usr/lib/jvm/java-7-oracle/lib/amd64/jli/libjli.so
7ff741ec5000-7ff7420c5000 ---p 00016000 fc:00 18615782                   /usr/lib/jvm/java-7-oracle/lib/amd64/jli/libjli.so
7ff7420c5000-7ff7420c6000 rw-p 00016000 fc:00 18615782                   /usr/lib/jvm/java-7-oracle/lib/amd64/jli/libjli.so
7ff7420c6000-7ff7420de000 r-xp 00000000 fc:00 17305688                   /lib/x86_64-linux-gnu/libpthread-2.17.so
7ff7420de000-7ff7422dd000 ---p 00018000 fc:00 17305688                   /lib/x86_64-linux-gnu/libpthread-2.17.so
7ff7422dd000-7ff7422de000 r--p 00017000 fc:00 17305688                   /lib/x86_64-linux-gnu/libpthread-2.17.so
7ff7422de000-7ff7422df000 rw-p 00018000 fc:00 17305688                   /lib/x86_64-linux-gnu/libpthread-2.17.so
7ff7422df000-7ff7422e3000 rw-p 00000000 00:00 0 
7ff7422e3000-7ff742306000 r-xp 00000000 fc:00 17305681                   /lib/x86_64-linux-gnu/ld-2.17.so
7ff742306000-7ff74231c000 r--s 000fd000 fc:00 3811205                    /home/nwhitehead/.m2/repository/io/netty/netty/3.5.8.Final/netty-3.5.8.Final.jar
7ff74231c000-7ff742329000 rw-p 00000000 00:00 0 
7ff742329000-7ff7423dc000 rw-p 00000000 00:00 0 
7ff7423dc000-7ff7423df000 ---p 00000000 00:00 0 
7ff7423df000-7ff7424e1000 rw-p 00000000 00:00 0                          [stack:17663]
7ff7424e1000-7ff7424e2000 r--s 00000000 fc:00 17569477                   /usr/lib/jvm/java-7-oracle/jre/lib/management-agent.jar
7ff7424e2000-7ff7424ec000 r--s 000a5000 fc:00 9575820                    /home/nwhitehead/.m2/repository/org/javassist/javassist/3.18.0-GA/javassist-3.18.0-GA.jar
7ff7424ec000-7ff7424ee000 r--s 00016000 fc:00 3020505                    /home/nwhitehead/.m2/repository/com/github/stephenc/high-scale-lib/high-scale-lib/1.1.4/high-scale-lib-1.1.4.jar
7ff7424ee000-7ff7424f3000 r--s 00035000 fc:00 4852404                    /home/nwhitehead/.m2/repository/com/sun/jdmk/jmx-optional/1.0-b02-SNAPSHOT/jmx-optional-1.0-b02-SNAPSHOT.jar
7ff7424f3000-7ff7424f9000 r--s 00034000 fc:00 6424767                    /home/nwhitehead/.m2/repository/junit/junit/4.8.2/junit-4.8.2.jar
7ff7424f9000-7ff742501000 rw-s 00000000 fc:00 12062833                   /tmp/hsperfdata_nwhitehead/17657
7ff742501000-7ff742502000 rw-p 00000000 00:00 0 
7ff742502000-7ff742503000 r--p 00000000 00:00 0 
7ff742503000-7ff742505000 rw-p 00000000 00:00 0 
7ff742505000-7ff742506000 r--p 00022000 fc:00 17305681                   /lib/x86_64-linux-gnu/ld-2.17.so
7ff742506000-7ff742508000 rw-p 00023000 fc:00 17305681                   /lib/x86_64-linux-gnu/ld-2.17.so
7fffa18b1000-7fffa18d2000 rw-p 00000000 00:00 0                          [stack]
7fffa1953000-7fffa1955000 r-xp 00000000 00:00 0                          [vdso]
ffffffffff600000-ffffffffff601000 r-xp 00000000 00:00 0                  [vsyscall]

VM Arguments:
jvm_args: -Dfile.encoding=UTF-8 
java_command: org.eclipse.jdt.internal.junit.runner.RemoteTestRunner -version 3 -port 36529 -testLoaderClass org.eclipse.jdt.internal.junit4.runner.JUnit4TestLoader -loaderpluginname org.eclipse.jdt.junit4.runtime -classNames test.org.helios.jmx.comp.TesAnnotatedMBean
Launcher Type: SUN_STANDARD

Environment Variables:
PATH=/home/nwhitehead/bin:/usr/local/sbin:/usr/local/bin:/usr/sbin:/usr/bin:/sbin:/bin:/usr/games:/usr/local/games
USERNAME=nwhitehead
SHELL=/bin/bash
DISPLAY=:0.0

Signal Handlers:
SIGSEGV: [libjvm.so+0x993870], sa_mask[0]=0x7ffbfeff, sa_flags=0x10000004
SIGBUS: [libjvm.so+0x993870], sa_mask[0]=0x7ffbfeff, sa_flags=0x10000004
SIGFPE: [libjvm.so+0x8105b0], sa_mask[0]=0x7ffbfeff, sa_flags=0x10000004
SIGPIPE: [libjvm.so+0x8105b0], sa_mask[0]=0x7ffbfeff, sa_flags=0x10000004
SIGXFSZ: [libjvm.so+0x8105b0], sa_mask[0]=0x7ffbfeff, sa_flags=0x10000004
SIGILL: [libjvm.so+0x8105b0], sa_mask[0]=0x7ffbfeff, sa_flags=0x10000004
SIGUSR1: SIG_DFL, sa_mask[0]=0x00000000, sa_flags=0x00000000
SIGUSR2: [libjvm.so+0x811aa0], sa_mask[0]=0x00000004, sa_flags=0x10000004
SIGHUP: [libjvm.so+0x812a10], sa_mask[0]=0x7ffbfeff, sa_flags=0x10000004
SIGINT: [libjvm.so+0x812a10], sa_mask[0]=0x7ffbfeff, sa_flags=0x10000004
SIGTERM: [libjvm.so+0x812a10], sa_mask[0]=0x7ffbfeff, sa_flags=0x10000004
SIGQUIT: [libjvm.so+0x812a10], sa_mask[0]=0x7ffbfeff, sa_flags=0x10000004


---------------  S Y S T E M  ---------------

OS:wheezy/sid

uname:Linux 3.8.0-25-generic #37-Ubuntu SMP Thu Jun 6 20:47:07 UTC 2013 x86_64
libc:glibc 2.17 NPTL 2.17 
rlimit: STACK 8192k, CORE 0k, NPROC 127955, NOFILE 65536, AS infinity
load average:2.87 1.99 1.45

/proc/meminfo:
MemTotal:       16412460 kB
MemFree:          407240 kB
Buffers:          991916 kB
Cached:          5005988 kB
SwapCached:       181032 kB
Active:          9492332 kB
Inactive:        4722024 kB
Active(anon):    7064164 kB
Inactive(anon):  1369008 kB
Active(file):    2428168 kB
Inactive(file):  3353016 kB
Unevictable:         228 kB
Mlocked:             228 kB
SwapTotal:      16756732 kB
SwapFree:       15380684 kB
Dirty:              1740 kB
Writeback:             0 kB
AnonPages:       8089680 kB
Mapped:           567992 kB
Shmem:            216692 kB
Slab:            1435164 kB
SReclaimable:    1350708 kB
SUnreclaim:        84456 kB
KernelStack:       14648 kB
PageTables:       118720 kB
NFS_Unstable:          0 kB
Bounce:                0 kB
WritebackTmp:          0 kB
CommitLimit:    24962960 kB
Committed_AS:   20702468 kB
VmallocTotal:   34359738367 kB
VmallocUsed:      136528 kB
VmallocChunk:   34359583740 kB
HardwareCorrupted:     0 kB
AnonHugePages:         0 kB
HugePages_Total:       0
HugePages_Free:        0
HugePages_Rsvd:        0
HugePages_Surp:        0
Hugepagesize:       2048 kB
DirectMap4k:    11398940 kB
DirectMap2M:     5357568 kB


CPU:total 8 (4 cores per cpu, 2 threads per core) family 6 model 42 stepping 7, cmov, cx8, fxsr, mmx, sse, sse2, sse3, ssse3, sse4.1, sse4.2, popcnt, avx, aes, ht, tsc, tscinvbit

/proc/cpuinfo:
processor	: 0
vendor_id	: GenuineIntel
cpu family	: 6
model		: 42
model name	: Intel(R) Core(TM) i7-2860QM CPU @ 2.50GHz
stepping	: 7
microcode	: 0x1b
cpu MHz		: 1200.000
cache size	: 8192 KB
physical id	: 0
siblings	: 8
core id		: 0
cpu cores	: 4
apicid		: 0
initial apicid	: 0
fpu		: yes
fpu_exception	: yes
cpuid level	: 13
wp		: yes
flags		: fpu vme de pse tsc msr pae mce cx8 apic sep mtrr pge mca cmov pat pse36 clflush dts acpi mmx fxsr sse sse2 ss ht tm pbe syscall nx rdtscp lm constant_tsc arch_perfmon pebs bts rep_good nopl xtopology nonstop_tsc aperfmperf eagerfpu pni pclmulqdq dtes64 monitor ds_cpl vmx smx est tm2 ssse3 cx16 xtpr pdcm pcid sse4_1 sse4_2 x2apic popcnt tsc_deadline_timer aes xsave avx lahf_lm ida arat epb xsaveopt pln pts dtherm tpr_shadow vnmi flexpriority ept vpid
bogomips	: 4988.99
clflush size	: 64
cache_alignment	: 64
address sizes	: 36 bits physical, 48 bits virtual
power management:

processor	: 1
vendor_id	: GenuineIntel
cpu family	: 6
model		: 42
model name	: Intel(R) Core(TM) i7-2860QM CPU @ 2.50GHz
stepping	: 7
microcode	: 0x1b
cpu MHz		: 2501.000
cache size	: 8192 KB
physical id	: 0
siblings	: 8
core id		: 1
cpu cores	: 4
apicid		: 2
initial apicid	: 2
fpu		: yes
fpu_exception	: yes
cpuid level	: 13
wp		: yes
flags		: fpu vme de pse tsc msr pae mce cx8 apic sep mtrr pge mca cmov pat pse36 clflush dts acpi mmx fxsr sse sse2 ss ht tm pbe syscall nx rdtscp lm constant_tsc arch_perfmon pebs bts rep_good nopl xtopology nonstop_tsc aperfmperf eagerfpu pni pclmulqdq dtes64 monitor ds_cpl vmx smx est tm2 ssse3 cx16 xtpr pdcm pcid sse4_1 sse4_2 x2apic popcnt tsc_deadline_timer aes xsave avx lahf_lm ida arat epb xsaveopt pln pts dtherm tpr_shadow vnmi flexpriority ept vpid
bogomips	: 4988.99
clflush size	: 64
cache_alignment	: 64
address sizes	: 36 bits physical, 48 bits virtual
power management:

processor	: 2
vendor_id	: GenuineIntel
cpu family	: 6
model		: 42
model name	: Intel(R) Core(TM) i7-2860QM CPU @ 2.50GHz
stepping	: 7
microcode	: 0x1b
cpu MHz		: 1000.000
cache size	: 8192 KB
physical id	: 0
siblings	: 8
core id		: 2
cpu cores	: 4
apicid		: 4
initial apicid	: 4
fpu		: yes
fpu_exception	: yes
cpuid level	: 13
wp		: yes
flags		: fpu vme de pse tsc msr pae mce cx8 apic sep mtrr pge mca cmov pat pse36 clflush dts acpi mmx fxsr sse sse2 ss ht tm pbe syscall nx rdtscp lm constant_tsc arch_perfmon pebs bts rep_good nopl xtopology nonstop_tsc aperfmperf eagerfpu pni pclmulqdq dtes64 monitor ds_cpl vmx smx est tm2 ssse3 cx16 xtpr pdcm pcid sse4_1 sse4_2 x2apic popcnt tsc_deadline_timer aes xsave avx lahf_lm ida arat epb xsaveopt pln pts dtherm tpr_shadow vnmi flexpriority ept vpid
bogomips	: 4988.99
clflush size	: 64
cache_alignment	: 64
address sizes	: 36 bits physical, 48 bits virtual
power management:

processor	: 3
vendor_id	: GenuineIntel
cpu family	: 6
model		: 42
model name	: Intel(R) Core(TM) i7-2860QM CPU @ 2.50GHz
stepping	: 7
microcode	: 0x1b
cpu MHz		: 800.000
cache size	: 8192 KB
physical id	: 0
siblings	: 8
core id		: 3
cpu cores	: 4
apicid		: 6
initial apicid	: 6
fpu		: yes
fpu_exception	: yes
cpuid level	: 13
wp		: yes
flags		: fpu vme de pse tsc msr pae mce cx8 apic sep mtrr pge mca cmov pat pse36 clflush dts acpi mmx fxsr sse sse2 ss ht tm pbe syscall nx rdtscp lm constant_tsc arch_perfmon pebs bts rep_good nopl xtopology nonstop_tsc aperfmperf eagerfpu pni pclmulqdq dtes64 monitor ds_cpl vmx smx est tm2 ssse3 cx16 xtpr pdcm pcid sse4_1 sse4_2 x2apic popcnt tsc_deadline_timer aes xsave avx lahf_lm ida arat epb xsaveopt pln pts dtherm tpr_shadow vnmi flexpriority ept vpid
bogomips	: 4988.99
clflush size	: 64
cache_alignment	: 64
address sizes	: 36 bits physical, 48 bits virtual
power management:

processor	: 4
vendor_id	: GenuineIntel
cpu family	: 6
model		: 42
model name	: Intel(R) Core(TM) i7-2860QM CPU @ 2.50GHz
stepping	: 7
microcode	: 0x1b
cpu MHz		: 2501.000
cache size	: 8192 KB
physical id	: 0
siblings	: 8
core id		: 0
cpu cores	: 4
apicid		: 1
initial apicid	: 1
fpu		: yes
fpu_exception	: yes
cpuid level	: 13
wp		: yes
flags		: fpu vme de pse tsc msr pae mce cx8 apic sep mtrr pge mca cmov pat pse36 clflush dts acpi mmx fxsr sse sse2 ss ht tm pbe syscall nx rdtscp lm constant_tsc arch_perfmon pebs bts rep_good nopl xtopology nonstop_tsc aperfmperf eagerfpu pni pclmulqdq dtes64 monitor ds_cpl vmx smx est tm2 ssse3 cx16 xtpr pdcm pcid sse4_1 sse4_2 x2apic popcnt tsc_deadline_timer aes xsave avx lahf_lm ida arat epb xsaveopt pln pts dtherm tpr_shadow vnmi flexpriority ept vpid
bogomips	: 4988.99
clflush size	: 64
cache_alignment	: 64
address sizes	: 36 bits physical, 48 bits virtual
power management:

processor	: 5
vendor_id	: GenuineIntel
cpu family	: 6
model		: 42
model name	: Intel(R) Core(TM) i7-2860QM CPU @ 2.50GHz
stepping	: 7
microcode	: 0x1b
cpu MHz		: 2501.000
cache size	: 8192 KB
physical id	: 0
siblings	: 8
core id		: 1
cpu cores	: 4
apicid		: 3
initial apicid	: 3
fpu		: yes
fpu_exception	: yes
cpuid level	: 13
wp		: yes
flags		: fpu vme de pse tsc msr pae mce cx8 apic sep mtrr pge mca cmov pat pse36 clflush dts acpi mmx fxsr sse sse2 ss ht tm pbe syscall nx rdtscp lm constant_tsc arch_perfmon pebs bts rep_good nopl xtopology nonstop_tsc aperfmperf eagerfpu pni pclmulqdq dtes64 monitor ds_cpl vmx smx est tm2 ssse3 cx16 xtpr pdcm pcid sse4_1 sse4_2 x2apic popcnt tsc_deadline_timer aes xsave avx lahf_lm ida arat epb xsaveopt pln pts dtherm tpr_shadow vnmi flexpriority ept vpid
bogomips	: 4988.99
clflush size	: 64
cache_alignment	: 64
address sizes	: 36 bits physical, 48 bits virtual
power management:

processor	: 6
vendor_id	: GenuineIntel
cpu family	: 6
model		: 42
model name	: Intel(R) Core(TM) i7-2860QM CPU @ 2.50GHz
stepping	: 7
microcode	: 0x1b
cpu MHz		: 800.000
cache size	: 8192 KB
physical id	: 0
siblings	: 8
core id		: 2
cpu cores	: 4
apicid		: 5
initial apicid	: 5
fpu		: yes
fpu_exception	: yes
cpuid level	: 13
wp		: yes
flags		: fpu vme de pse tsc msr pae mce cx8 apic sep mtrr pge mca cmov pat pse36 clflush dts acpi mmx fxsr sse sse2 ss ht tm pbe syscall nx rdtscp lm constant_tsc arch_perfmon pebs bts rep_good nopl xtopology nonstop_tsc aperfmperf eagerfpu pni pclmulqdq dtes64 monitor ds_cpl vmx smx est tm2 ssse3 cx16 xtpr pdcm pcid sse4_1 sse4_2 x2apic popcnt tsc_deadline_timer aes xsave avx lahf_lm ida arat epb xsaveopt pln pts dtherm tpr_shadow vnmi flexpriority ept vpid
bogomips	: 4988.99
clflush size	: 64
cache_alignment	: 64
address sizes	: 36 bits physical, 48 bits virtual
power management:

processor	: 7
vendor_id	: GenuineIntel
cpu family	: 6
model		: 42
model name	: Intel(R) Core(TM) i7-2860QM CPU @ 2.50GHz
stepping	: 7
microcode	: 0x1b
cpu MHz		: 2501.000
cache size	: 8192 KB
physical id	: 0
siblings	: 8
core id		: 3
cpu cores	: 4
apicid		: 7
initial apicid	: 7
fpu		: yes
fpu_exception	: yes
cpuid level	: 13
wp		: yes
flags		: fpu vme de pse tsc msr pae mce cx8 apic sep mtrr pge mca cmov pat pse36 clflush dts acpi mmx fxsr sse sse2 ss ht tm pbe syscall nx rdtscp lm constant_tsc arch_perfmon pebs bts rep_good nopl xtopology nonstop_tsc aperfmperf eagerfpu pni pclmulqdq dtes64 monitor ds_cpl vmx smx est tm2 ssse3 cx16 xtpr pdcm pcid sse4_1 sse4_2 x2apic popcnt tsc_deadline_timer aes xsave avx lahf_lm ida arat epb xsaveopt pln pts dtherm tpr_shadow vnmi flexpriority ept vpid
bogomips	: 4988.99
clflush size	: 64
cache_alignment	: 64
address sizes	: 36 bits physical, 48 bits virtual
power management:



Memory: 4k page, physical 16412460k(407240k free), swap 16756732k(15380684k free)

vm_info: Java HotSpot(TM) 64-Bit Server VM (24.51-b03) for linux-amd64 JRE (1.7.0_51-b13), built on Dec 18 2013 18:48:01 by "java_re" with gcc 4.3.0 20080428 (Red Hat 4.3.0-8)

time: Sat May 10 18:00:37 2014
elapsed time: 607 seconds

